<?xml version="1.0" encoding="UTF-8"?>
<!-- Generated by org.testng.reporters.JUnitReportReporter -->
<testsuite hostname="LAPTOP-GDGOH5RM" failures="0" tests="1" name="testCases.TC_001_RegistrationTest" time="2.256" errors="0" timestamp="2025-07-04T20:30:38 IST" skipped="0">
  <testcase classname="testCases.TC_001_RegistrationTest" name="test_001" time="2.256"/>
</testsuite> <!-- testCases.TC_001_RegistrationTest -->
